0 info it worked if it ends with ok
1 verbose cli [ '/usr/local/bin/node',
1 verbose cli   '/usr/local/bin/npm',
1 verbose cli   'start',
1 verbose cli   '/Users/ivahaev/git/BlankProjects/testo/blank/',
1 verbose cli   'server' ]
2 info using npm@3.10.9
3 info using node@v7.2.0
4 verbose run-script [ 'prestart', 'start', 'poststart' ]
5 info lifecycle blank-cli@0.1.14~prestart: blank-cli@0.1.14
6 silly lifecycle blank-cli@0.1.14~prestart: no script for prestart, continuing
7 info lifecycle blank-cli@0.1.14~start: blank-cli@0.1.14
8 verbose lifecycle blank-cli@0.1.14~start: unsafe-perm in lifecycle true
9 verbose lifecycle blank-cli@0.1.14~start: PATH: /usr/local/lib/node_modules/npm/bin/node-gyp-bin:/Users/ivahaev/golang/src/github.com/getblank/Blank/node_modules/.bin:/usr/local/bin:/usr/bin:/bin:/usr/sbin:/sbin:/usr/local/go/bin:/Applications/Wireshark.app/Contents/MacOS:/bin:/Users/ivahaev/golang/bin
10 verbose lifecycle blank-cli@0.1.14~start: CWD: /Users/ivahaev/golang/src/github.com/getblank/Blank
11 silly lifecycle blank-cli@0.1.14~start: Args: [ '-c',
11 silly lifecycle   'node --harmony ./index.js "/Users/ivahaev/git/BlankProjects/testo/blank/" "server"' ]
12 silly lifecycle blank-cli@0.1.14~start: Returned: code: 1  signal: null
13 info lifecycle blank-cli@0.1.14~start: Failed to exec start script
14 verbose stack Error: blank-cli@0.1.14 start: `node --harmony ./index.js "/Users/ivahaev/git/BlankProjects/testo/blank/" "server"`
14 verbose stack Exit status 1
14 verbose stack     at EventEmitter.<anonymous> (/usr/local/lib/node_modules/npm/lib/utils/lifecycle.js:255:16)
14 verbose stack     at emitTwo (events.js:106:13)
14 verbose stack     at EventEmitter.emit (events.js:191:7)
14 verbose stack     at ChildProcess.<anonymous> (/usr/local/lib/node_modules/npm/lib/utils/spawn.js:40:14)
14 verbose stack     at emitTwo (events.js:106:13)
14 verbose stack     at ChildProcess.emit (events.js:191:7)
14 verbose stack     at maybeClose (internal/child_process.js:885:16)
14 verbose stack     at Process.ChildProcess._handle.onexit (internal/child_process.js:226:5)
15 verbose pkgid blank-cli@0.1.14
16 verbose cwd /Users/ivahaev/golang/src/github.com/getblank/Blank
17 error Darwin 15.6.0
18 error argv "/usr/local/bin/node" "/usr/local/bin/npm" "start" "/Users/ivahaev/git/BlankProjects/testo/blank/" "server"
19 error node v7.2.0
20 error npm  v3.10.9
21 error code ELIFECYCLE
22 error blank-cli@0.1.14 start: `node --harmony ./index.js "/Users/ivahaev/git/BlankProjects/testo/blank/" "server"`
22 error Exit status 1
23 error Failed at the blank-cli@0.1.14 start script 'node --harmony ./index.js "/Users/ivahaev/git/BlankProjects/testo/blank/" "server"'.
23 error Make sure you have the latest version of node.js and npm installed.
23 error If you do, this is most likely a problem with the blank-cli package,
23 error not with npm itself.
23 error Tell the author that this fails on your system:
23 error     node --harmony ./index.js "/Users/ivahaev/git/BlankProjects/testo/blank/" "server"
23 error You can get information on how to open an issue for this project with:
23 error     npm bugs blank-cli
23 error Or if that isn't available, you can get their info via:
23 error     npm owner ls blank-cli
23 error There is likely additional logging output above.
24 verbose exit [ 1, true ]
